<?xml version="1.0" encoding="UTF-8"?>
<testng-results ignored="0" total="1" passed="1" failed="0" skipped="0">
  <reporter-output>
  </reporter-output>
  <suite started-at="2022-02-14T23:47:06 EET" name="Default suite" finished-at="2022-02-14T23:48:14 EET" duration-ms="67709">
    <groups>
    </groups>
    <test started-at="2022-02-14T23:47:06 EET" name="Default test" finished-at="2022-02-14T23:48:14 EET" duration-ms="67709">
      <class name="tests.Buy_Scenario">
        <test-method is-config="true" signature="setUp()[pri:0, instance:tests.Buy_Scenario@402bba4f]" started-at="2022-02-14T23:47:06 EET" name="setUp" finished-at="2022-02-14T23:47:25 EET" duration-ms="18189" status="PASS">
          <reporter-output>
          </reporter-output>
        </test-method> <!-- setUp -->
        <test-method is-config="true" signature="visitTestPage()[pri:0, instance:tests.Buy_Scenario@402bba4f]" started-at="2022-02-14T23:47:25 EET" name="visitTestPage" finished-at="2022-02-14T23:47:29 EET" duration-ms="4614" status="PASS">
          <reporter-output>
          </reporter-output>
        </test-method> <!-- visitTestPage -->
        <test-method signature="BuyTest()[pri:0, instance:tests.Buy_Scenario@402bba4f]" started-at="2022-02-14T23:47:29 EET" name="BuyTest" finished-at="2022-02-14T23:48:13 EET" duration-ms="43431" status="PASS">
          <reporter-output>
          </reporter-output>
        </test-method> <!-- BuyTest -->
        <test-method is-config="true" signature="tearDown()[pri:0, instance:tests.Buy_Scenario@402bba4f]" started-at="2022-02-14T23:48:13 EET" name="tearDown" finished-at="2022-02-14T23:48:14 EET" duration-ms="1249" status="PASS">
          <reporter-output>
          </reporter-output>
        </test-method> <!-- tearDown -->
      </class> <!-- tests.Buy_Scenario -->
    </test> <!-- Default test -->
  </suite> <!-- Default suite -->
</testng-results>
